#-----------------------------------------------------------
# Vivado v2019.2.1 (64-bit)
# SW Build 2729669 on Thu Dec  5 04:49:17 MST 2019
# IP Build 2729494 on Thu Dec  5 07:38:25 MST 2019
# Start of session at: Fri Sep  3 12:37:06 2021
# Process ID: 6932
# Current directory: C:/Users/rmizrahi/Desktop/ECE 369A Lab1
# Command line: vivado.exe -gui_launcher_event rodinguilauncherevent7412 C:\Users\rmizrahi\Desktop\ECE 369A Lab1\Lab1-3.xpr
# Log file: C:/Users/rmizrahi/Desktop/ECE 369A Lab1/vivado.log
# Journal file: C:/Users/rmizrahi/Desktop/ECE 369A Lab1\vivado.jou
#-----------------------------------------------------------
start_gui
open_project {C:/Users/rmizrahi/Desktop/ECE 369A Lab1/Lab1-3.xpr}
Scanning sources...
Finished scanning sources
INFO: [IP_Flow 19-234] Refreshing IP repositories
INFO: [IP_Flow 19-1704] No user IP repositories specified
INFO: [IP_Flow 19-2313] Loaded Vivado IP repository 'C:/Xilinx/Vivado/2019.2/data/ip'.
open_project: Time (s): cpu = 00:00:11 ; elapsed = 00:00:07 . Memory (MB): peak = 958.586 ; gain = 98.039
update_compile_order -fileset sources_1
exit
INFO: [Common 17-206] Exiting Vivado at Fri Sep  3 12:38:07 2021...
.
